<?xml version="1.0" encoding="UTF-8" ?>
<testsuite tests="34" failures="0" name="com.bdd.runner.RunnerTest" time="28.529" errors="0" skipped="0">
  <properties>
[...]
</properties>
  <testcase classname="Registro exitoso de un nuevo usuario" name="que el usuario abre la pagina en el navegador &quot;chrome&quot;" time="4.61"/>
  <testcase classname="Registro exitoso de un nuevo usuario" name="hace clic en el enlace de Register" time="0.837"/>
  <testcase classname="Registro exitoso de un nuevo usuario" name="ingresa &quot;Juan&quot; en el campo First Name" time="0.241"/>
  <testcase classname="Registro exitoso de un nuevo usuario" name="ingresa &quot;Flores&quot; en el campo Last Name" time="0.241"/>
  <testcase classname="Registro exitoso de un nuevo usuario" name="ingresa &quot;Calle 123&quot; en el campo Address" time="0.252"/>
  <testcase classname="Registro exitoso de un nuevo usuario" name="ingresa &quot;Madrid&quot; en el campo City" time="0.312"/>
  <testcase classname="Registro exitoso de un nuevo usuario" name="ingresa &quot;Madrid&quot; en el campo State" time="0.23"/>
  <testcase classname="Registro exitoso de un nuevo usuario" name="ingresa &quot;28001&quot; en el campo Zip Code" time="0.246"/>
  <testcase classname="Registro exitoso de un nuevo usuario" name="ingresa &quot;555-0101&quot; en el campo Phone" time="0.237"/>
  <testcase classname="Registro exitoso de un nuevo usuario" name="ingresa &quot;123-45-6789&quot; en el campo SSN" time="0.241"/>
  <testcase classname="Registro exitoso de un nuevo usuario" name="ingresa &quot;testingEncora4&quot; en el campo Username" time="0.281"/>
  <testcase classname="Registro exitoso de un nuevo usuario" name="ingresa &quot;testing1997&quot; en el campo Password" time="0.238"/>
  <testcase classname="Registro exitoso de un nuevo usuario" name="ingresa &quot;testing1997&quot; en el campo Confirm Password" time="0.221"/>
  <testcase classname="Registro exitoso de un nuevo usuario" name="hace clic en el boton Register" time="0.618"/>
  <testcase classname="Registro exitoso de un nuevo usuario" name="visualiza el mensaje &quot;Your account was created successfully. You are now logged in.&quot;" time="0.177"/>
  <testcase classname="Registro exitoso de un nuevo usuario" name="accede a la pagina de inicio de sesion para autenticarse con &quot;testingEncora4&quot; y &quot;testing1997&quot;" time="1.666"/>
  <testcase classname="Registro exitoso de un nuevo usuario" name="Registro exitoso de un nuevo usuario" time="2.013"/>
  <testcase classname="Registro exitoso de un nuevo usuario" name="que el usuario abre la pagina en el navegador &quot;edge&quot;" time="3.413"/>
  <testcase classname="Registro exitoso de un nuevo usuario" name="hace clic en el enlace de Register" time="1.112"/>
  <testcase classname="Registro exitoso de un nuevo usuario" name="ingresa &quot;Juan&quot; en el campo First Name" time="0.248"/>
  <testcase classname="Registro exitoso de un nuevo usuario" name="ingresa &quot;Flores&quot; en el campo Last Name" time="0.258"/>
  <testcase classname="Registro exitoso de un nuevo usuario" name="ingresa &quot;Calle 123&quot; en el campo Address" time="0.25"/>
  <testcase classname="Registro exitoso de un nuevo usuario" name="ingresa &quot;Madrid&quot; en el campo City" time="0.224"/>
  <testcase classname="Registro exitoso de un nuevo usuario" name="ingresa &quot;Madrid&quot; en el campo State" time="0.239"/>
  <testcase classname="Registro exitoso de un nuevo usuario" name="ingresa &quot;28001&quot; en el campo Zip Code" time="0.236"/>
  <testcase classname="Registro exitoso de un nuevo usuario" name="ingresa &quot;555-0101&quot; en el campo Phone" time="0.251"/>
  <testcase classname="Registro exitoso de un nuevo usuario" name="ingresa &quot;123-45-6789&quot; en el campo SSN" time="0.248"/>
  <testcase classname="Registro exitoso de un nuevo usuario" name="ingresa &quot;testingEncora5&quot; en el campo Username" time="0.244"/>
  <testcase classname="Registro exitoso de un nuevo usuario" name="ingresa &quot;testing1997&quot; en el campo Password" time="0.264"/>
  <testcase classname="Registro exitoso de un nuevo usuario" name="ingresa &quot;testing1997&quot; en el campo Confirm Password" time="0.288"/>
  <testcase classname="Registro exitoso de un nuevo usuario" name="hace clic en el boton Register" time="0.942"/>
  <testcase classname="Registro exitoso de un nuevo usuario" name="visualiza el mensaje &quot;Your account was created successfully. You are now logged in.&quot;" time="0.187"/>
  <testcase classname="Registro exitoso de un nuevo usuario" name="accede a la pagina de inicio de sesion para autenticarse con &quot;testingEncora5&quot; y &quot;testing1997&quot;" time="2.095"/>
  <testcase classname="Registro exitoso de un nuevo usuario" name="Registro exitoso de un nuevo usuario" time="5.369"/>
</testsuite>